2025-12-20T04:44:06.719Z - Starting Driver Enumeration
2025-12-20T04:44:06.725Z - Executing Store Query...
2025-12-20T04:44:07.910Z - Spooler found 7 drivers
2025-12-20T04:44:55.170Z - Store Query executing completed. Output length: 4499
2025-12-20T04:44:55.171Z - Store found 20 drivers
2025-12-20T04:44:55.172Z - Returning 20 unique drivers.
2025-12-20T04:44:55.212Z - Starting Driver Enumeration
2025-12-20T04:44:55.224Z - Executing Store Query...
2025-12-20T04:44:58.359Z - Spooler found 7 drivers
2025-12-20T04:45:52.218Z - Store Query executing completed. Output length: 4499
2025-12-20T04:45:52.218Z - Store found 20 drivers
2025-12-20T04:45:52.219Z - Returning 20 unique drivers.
2025-12-20T04:49:18.515Z - Starting Driver Enumeration
2025-12-20T04:49:18.525Z - Executing Store Query...
2025-12-20T04:49:20.403Z - Spooler found 7 drivers
2025-12-20T04:50:10.879Z - Store Query executing completed. Output length: 4499
2025-12-20T04:50:10.881Z - Store found 20 drivers
2025-12-20T04:50:10.882Z - Returning 20 unique drivers.
2025-12-20T04:50:10.913Z - Starting Driver Enumeration
2025-12-20T04:50:10.927Z - Executing Store Query...
2025-12-20T04:50:14.154Z - Spooler found 7 drivers
2025-12-20T04:51:13.850Z - Store Query executing completed. Output length: 4499
2025-12-20T04:51:13.850Z - Store found 20 drivers
2025-12-20T04:51:13.851Z - Returning 20 unique drivers.
2025-12-20T04:52:58.184Z - Starting Driver Enumeration
2025-12-20T04:52:58.205Z - Executing Store Query...
2025-12-20T04:53:01.065Z - Spooler found 7 drivers
2025-12-20T04:54:06.317Z - Store Query executing completed. Output length: 4499
2025-12-20T04:54:06.319Z - Store found 20 drivers
2025-12-20T04:54:06.322Z - Returning 20 unique drivers.
2025-12-20T04:57:39.163Z - Starting Driver Enumeration
2025-12-20T04:57:39.182Z - Executing Store Query...
2025-12-20T04:57:42.213Z - Spooler found 7 drivers
2025-12-20T04:58:48.308Z - Store found 20 drivers
2025-12-20T05:02:19.686Z - Starting Driver Enumeration
2025-12-20T05:02:19.702Z - Executing Store Query...
2025-12-20T05:02:22.744Z - Spooler found 7 drivers
2025-12-20T05:03:15.521Z - Store found 20 drivers
2025-12-20T05:08:15.339Z - Starting Driver Enumeration
2025-12-20T05:08:15.358Z - Executing Store Query...
2025-12-20T05:08:18.426Z - Spooler found 7 drivers
2025-12-20T05:09:23.320Z - Store found 20 drivers
2025-12-20T05:31:08.105Z - Starting Driver Enumeration
2025-12-20T05:31:08.106Z - Querying remote server: localhost
